This is XeTeX, Version 3.14159265-2.6-0.999992 (TeX Live 2020/W32TeX) (preloaded format=xelatex 2024.6.7)  7 JUN 2024 11:31
entering extended mode
 restricted \write18 enabled.
 %&-line parsing enabled.
**index.tex
(./index.tex
LaTeX2e <2020-02-02> patch level 5
L3 programming layer <2020-05-15>

! LaTeX Error: File `scrreprt.cls' not found.

Type X to quit or <RETURN> to proceed,
or enter new name. (Default extension: cls)

Enter file name: 
! Emergency stop.
<read *> 
         
l.10 ^^M
         
Here is how much of TeX's memory you used:
 23 strings out of 481274
 398 string characters out of 5923345
 239638 words of memory out of 5000000
 17649 multiletter control sequences out of 15000+600000
 532338 words of font info for 24 fonts, out of 8000000 for 9000
 14 hyphenation exceptions out of 8191
 14i,0n,17p,86b,10s stack positions out of 5000i,500n,10000p,200000b,80000s

No pages of output.
